[2013-03-13 11:38:27.305] [INFO] /node_modules/pomelo/lib/application.js - application inited: "connector-server-3"
[2013-03-13 11:38:27.718] [INFO] console - info: 'socket.io started'
[2013-03-13 11:38:27.743] [INFO] /node_modules/pomelo/node_modules/pomelo-admin/lib/consoleService.js - try to connect master: "connector", "127.0.0.1", 3005
[2013-03-13 11:38:27.796] [INFO] /node_modules/pomelo/lib/application.js - "connector-server-3" enter after start...
[2013-03-13 11:38:27.797] [INFO] console - info: 'socket.io started'
[2013-03-13 11:38:27.798] [INFO] /node_modules/pomelo/lib/application.js - "connector-server-3" finish start
[2013-03-13 21:18:49.682] [INFO] /node_modules/pomelo/lib/application.js - application inited: "connector-server-3"
[2013-03-13 21:18:50.148] [INFO] console - info: 'socket.io started'
[2013-03-13 21:18:50.171] [INFO] /node_modules/pomelo/node_modules/pomelo-admin/lib/consoleService.js - try to connect master: "connector", "127.0.0.1", 3005
[2013-03-13 21:18:50.254] [INFO] /node_modules/pomelo/lib/application.js - "connector-server-3" enter after start...
[2013-03-13 21:18:50.255] [INFO] console - info: 'socket.io started'
[2013-03-13 21:18:50.256] [INFO] /node_modules/pomelo/lib/application.js - "connector-server-3" finish start
[2013-03-13 21:19:33.870] [INFO] /node_modules/pomelo/lib/application.js - application inited: "connector-server-3"
[2013-03-13 21:19:34.402] [INFO] console - info: 'socket.io started'
[2013-03-13 21:19:34.427] [INFO] /node_modules/pomelo/node_modules/pomelo-admin/lib/consoleService.js - try to connect master: "connector", "127.0.0.1", 3005
[2013-03-13 21:19:34.514] [INFO] /node_modules/pomelo/lib/application.js - "connector-server-3" enter after start...
[2013-03-13 21:19:34.515] [INFO] console - info: 'socket.io started'
[2013-03-13 21:19:34.516] [INFO] /node_modules/pomelo/lib/application.js - "connector-server-3" finish start
[2013-03-13 21:19:48.058] [INFO] /node_modules/pomelo/lib/application.js - application inited: "connector-server-3"
[2013-03-13 21:19:48.555] [INFO] console - info: 'socket.io started'
[2013-03-13 21:19:48.586] [INFO] /node_modules/pomelo/node_modules/pomelo-admin/lib/consoleService.js - try to connect master: "connector", "127.0.0.1", 3005
[2013-03-13 21:19:48.673] [INFO] /node_modules/pomelo/lib/application.js - "connector-server-3" enter after start...
[2013-03-13 21:19:48.675] [INFO] console - info: 'socket.io started'
[2013-03-13 21:19:48.676] [INFO] /node_modules/pomelo/lib/application.js - "connector-server-3" finish start
[2013-03-13 21:21:00.554] [INFO] /node_modules/pomelo/lib/application.js - application inited: "connector-server-3"
[2013-03-13 21:21:01.074] [INFO] console - info: 'socket.io started'
[2013-03-13 21:21:01.096] [INFO] /node_modules/pomelo/node_modules/pomelo-admin/lib/consoleService.js - try to connect master: "connector", "127.0.0.1", 3005
[2013-03-13 21:21:01.165] [INFO] /node_modules/pomelo/lib/application.js - "connector-server-3" enter after start...
[2013-03-13 21:21:01.166] [INFO] console - info: 'socket.io started'
[2013-03-13 21:21:01.166] [INFO] /node_modules/pomelo/lib/application.js - "connector-server-3" finish start
[2013-03-13 21:22:24.643] [INFO] /node_modules/pomelo/lib/application.js - application inited: "connector-server-3"
[2013-03-13 21:22:25.160] [INFO] console - info: 'socket.io started'
[2013-03-13 21:22:25.183] [INFO] /node_modules/pomelo/node_modules/pomelo-admin/lib/consoleService.js - try to connect master: "connector", "127.0.0.1", 3005
[2013-03-13 21:22:25.255] [INFO] /node_modules/pomelo/lib/application.js - "connector-server-3" enter after start...
[2013-03-13 21:22:25.256] [INFO] console - info: 'socket.io started'
[2013-03-13 21:22:25.256] [INFO] /node_modules/pomelo/lib/application.js - "connector-server-3" finish start
[2013-03-13 21:22:57.116] [INFO] /node_modules/pomelo/lib/application.js - application inited: "connector-server-3"
[2013-03-13 21:22:57.642] [INFO] console - info: 'socket.io started'
[2013-03-13 21:22:57.655] [INFO] /node_modules/pomelo/node_modules/pomelo-admin/lib/consoleService.js - try to connect master: "connector", "127.0.0.1", 3005
[2013-03-13 21:22:57.723] [INFO] /node_modules/pomelo/lib/application.js - "connector-server-3" enter after start...
[2013-03-13 21:22:57.724] [INFO] console - info: 'socket.io started'
[2013-03-13 21:22:57.724] [INFO] /node_modules/pomelo/lib/application.js - "connector-server-3" finish start
[2013-03-13 21:23:33.527] [INFO] /node_modules/pomelo/lib/application.js - application inited: "connector-server-3"
[2013-03-13 21:23:34.038] [INFO] console - info: 'socket.io started'
[2013-03-13 21:23:34.059] [INFO] /node_modules/pomelo/node_modules/pomelo-admin/lib/consoleService.js - try to connect master: "connector", "127.0.0.1", 3005
[2013-03-13 21:23:34.122] [INFO] /node_modules/pomelo/lib/application.js - "connector-server-3" enter after start...
[2013-03-13 21:23:34.123] [INFO] console - info: 'socket.io started'
[2013-03-13 21:23:34.124] [INFO] /node_modules/pomelo/lib/application.js - "connector-server-3" finish start
[2013-03-13 21:24:11.695] [INFO] /node_modules/pomelo/lib/application.js - application inited: "connector-server-3"
[2013-03-13 21:24:12.236] [INFO] console - info: 'socket.io started'
[2013-03-13 21:24:12.259] [INFO] /node_modules/pomelo/node_modules/pomelo-admin/lib/consoleService.js - try to connect master: "connector", "127.0.0.1", 3005
[2013-03-13 21:24:12.319] [INFO] /node_modules/pomelo/lib/application.js - "connector-server-3" enter after start...
[2013-03-13 21:24:12.320] [INFO] console - info: 'socket.io started'
[2013-03-13 21:24:12.320] [INFO] /node_modules/pomelo/lib/application.js - "connector-server-3" finish start
[2013-03-13 21:25:00.625] [INFO] /node_modules/pomelo/lib/application.js - application inited: "connector-server-3"
[2013-03-13 21:25:01.131] [INFO] console - info: 'socket.io started'
[2013-03-13 21:25:01.156] [INFO] /node_modules/pomelo/node_modules/pomelo-admin/lib/consoleService.js - try to connect master: "connector", "127.0.0.1", 3005
[2013-03-13 21:25:01.212] [INFO] /node_modules/pomelo/lib/application.js - "connector-server-3" enter after start...
[2013-03-13 21:25:01.213] [INFO] console - info: 'socket.io started'
[2013-03-13 21:25:01.214] [INFO] /node_modules/pomelo/lib/application.js - "connector-server-3" finish start
[2013-03-13 21:25:36.689] [INFO] /node_modules/pomelo/lib/application.js - application inited: "connector-server-3"
[2013-03-13 21:25:37.172] [INFO] console - info: 'socket.io started'
[2013-03-13 21:25:37.208] [INFO] /node_modules/pomelo/node_modules/pomelo-admin/lib/consoleService.js - try to connect master: "connector", "127.0.0.1", 3005
[2013-03-13 21:25:37.268] [INFO] /node_modules/pomelo/lib/application.js - "connector-server-3" enter after start...
[2013-03-13 21:25:37.270] [INFO] console - info: 'socket.io started'
[2013-03-13 21:25:37.270] [INFO] /node_modules/pomelo/lib/application.js - "connector-server-3" finish start
[2013-03-13 21:26:27.767] [INFO] /node_modules/pomelo/lib/application.js - application inited: "connector-server-3"
[2013-03-13 21:26:28.302] [INFO] console - info: 'socket.io started'
[2013-03-13 21:26:28.327] [INFO] /node_modules/pomelo/node_modules/pomelo-admin/lib/consoleService.js - try to connect master: "connector", "127.0.0.1", 3005
[2013-03-13 21:26:28.383] [INFO] /node_modules/pomelo/lib/application.js - "connector-server-3" enter after start...
[2013-03-13 21:26:28.385] [INFO] console - info: 'socket.io started'
[2013-03-13 21:26:28.385] [INFO] /node_modules/pomelo/lib/application.js - "connector-server-3" finish start
[2013-03-13 21:29:01.242] [INFO] /node_modules/pomelo/lib/application.js - application inited: "connector-server-3"
[2013-03-13 21:29:01.754] [INFO] console - info: 'socket.io started'
[2013-03-13 21:29:01.777] [INFO] /node_modules/pomelo/node_modules/pomelo-admin/lib/consoleService.js - try to connect master: "connector", "127.0.0.1", 3005
[2013-03-13 21:29:01.842] [INFO] /node_modules/pomelo/lib/application.js - "connector-server-3" enter after start...
[2013-03-13 21:29:01.843] [INFO] console - info: 'socket.io started'
[2013-03-13 21:29:01.844] [INFO] /node_modules/pomelo/lib/application.js - "connector-server-3" finish start
[2013-03-13 21:31:01.605] [INFO] /node_modules/pomelo/lib/application.js - application inited: "connector-server-3"
[2013-03-13 21:31:02.134] [INFO] console - info: 'socket.io started'
[2013-03-13 21:31:02.161] [INFO] /node_modules/pomelo/node_modules/pomelo-admin/lib/consoleService.js - try to connect master: "connector", "127.0.0.1", 3005
[2013-03-13 21:31:02.231] [INFO] /node_modules/pomelo/lib/application.js - "connector-server-3" enter after start...
[2013-03-13 21:31:02.232] [INFO] console - info: 'socket.io started'
[2013-03-13 21:31:02.232] [INFO] /node_modules/pomelo/lib/application.js - "connector-server-3" finish start
[2013-03-13 21:34:01.460] [INFO] /node_modules/pomelo/lib/application.js - application inited: "connector-server-3"
[2013-03-13 21:34:01.972] [INFO] console - info: 'socket.io started'
[2013-03-13 21:34:01.991] [INFO] /node_modules/pomelo/node_modules/pomelo-admin/lib/consoleService.js - try to connect master: "connector", "127.0.0.1", 3005
[2013-03-13 21:34:02.068] [INFO] /node_modules/pomelo/lib/application.js - "connector-server-3" enter after start...
[2013-03-13 21:34:02.069] [INFO] console - info: 'socket.io started'
[2013-03-13 21:34:02.069] [INFO] /node_modules/pomelo/lib/application.js - "connector-server-3" finish start
[2013-03-13 21:34:28.200] [INFO] /node_modules/pomelo/lib/application.js - application inited: "connector-server-3"
[2013-03-13 21:34:28.724] [INFO] console - info: 'socket.io started'
[2013-03-13 21:34:28.740] [INFO] /node_modules/pomelo/node_modules/pomelo-admin/lib/consoleService.js - try to connect master: "connector", "127.0.0.1", 3005
[2013-03-13 21:34:28.807] [INFO] /node_modules/pomelo/lib/application.js - "connector-server-3" enter after start...
[2013-03-13 21:34:28.808] [INFO] console - info: 'socket.io started'
[2013-03-13 21:34:28.809] [INFO] /node_modules/pomelo/lib/application.js - "connector-server-3" finish start
[2013-03-13 21:34:50.940] [INFO] /node_modules/pomelo/lib/application.js - application inited: "connector-server-3"
[2013-03-13 21:34:51.444] [INFO] console - info: 'socket.io started'
[2013-03-13 21:34:51.458] [INFO] /node_modules/pomelo/node_modules/pomelo-admin/lib/consoleService.js - try to connect master: "connector", "127.0.0.1", 3005
[2013-03-13 21:34:51.526] [INFO] /node_modules/pomelo/lib/application.js - "connector-server-3" enter after start...
[2013-03-13 21:34:51.527] [INFO] console - info: 'socket.io started'
[2013-03-13 21:34:51.527] [INFO] /node_modules/pomelo/lib/application.js - "connector-server-3" finish start
[2013-03-13 21:37:58.058] [INFO] /node_modules/pomelo/lib/application.js - application inited: "connector-server-3"
[2013-03-13 21:37:58.561] [INFO] console - info: 'socket.io started'
[2013-03-13 21:37:58.587] [INFO] /node_modules/pomelo/node_modules/pomelo-admin/lib/consoleService.js - try to connect master: "connector", "127.0.0.1", 3005
[2013-03-13 21:37:58.664] [INFO] /node_modules/pomelo/lib/application.js - "connector-server-3" enter after start...
[2013-03-13 21:37:58.665] [INFO] console - info: 'socket.io started'
[2013-03-13 21:37:58.665] [INFO] /node_modules/pomelo/lib/application.js - "connector-server-3" finish start
[2013-03-13 21:40:01.047] [INFO] /node_modules/pomelo/lib/application.js - application inited: "connector-server-3"
[2013-03-13 21:40:01.552] [INFO] console - info: 'socket.io started'
[2013-03-13 21:40:01.589] [INFO] /node_modules/pomelo/node_modules/pomelo-admin/lib/consoleService.js - try to connect master: "connector", "127.0.0.1", 3005
[2013-03-13 21:40:01.658] [INFO] /node_modules/pomelo/lib/application.js - "connector-server-3" enter after start...
[2013-03-13 21:40:01.659] [INFO] console - info: 'socket.io started'
[2013-03-13 21:40:01.660] [INFO] /node_modules/pomelo/lib/application.js - "connector-server-3" finish start
[2013-03-13 21:41:44.556] [INFO] /node_modules/pomelo/lib/application.js - application inited: "connector-server-3"
[2013-03-13 21:41:45.072] [INFO] console - info: 'socket.io started'
[2013-03-13 21:41:45.090] [INFO] /node_modules/pomelo/node_modules/pomelo-admin/lib/consoleService.js - try to connect master: "connector", "127.0.0.1", 3005
[2013-03-13 21:41:45.180] [INFO] /node_modules/pomelo/lib/application.js - "connector-server-3" enter after start...
[2013-03-13 21:41:45.182] [INFO] console - info: 'socket.io started'
[2013-03-13 21:41:45.184] [INFO] /node_modules/pomelo/lib/application.js - "connector-server-3" finish start
[2013-03-14 09:35:32.789] [INFO] /node_modules/pomelo/lib/application.js - application inited: "connector-server-3"
[2013-03-14 09:35:33.353] [INFO] console - info: 'socket.io started'
[2013-03-14 09:35:33.369] [INFO] /node_modules/pomelo/node_modules/pomelo-admin/lib/consoleService.js - try to connect master: "connector", "127.0.0.1", 3005
[2013-03-14 09:35:33.427] [INFO] /node_modules/pomelo/lib/application.js - "connector-server-3" enter after start...
[2013-03-14 09:35:33.428] [INFO] console - info: 'socket.io started'
[2013-03-14 09:35:33.429] [INFO] /node_modules/pomelo/lib/application.js - "connector-server-3" finish start
[2013-03-14 10:04:28.465] [INFO] /node_modules/pomelo/lib/application.js - application inited: "connector-server-3"
[2013-03-14 10:04:29.027] [INFO] console - info: 'socket.io started'
[2013-03-14 10:04:29.049] [INFO] /node_modules/pomelo/node_modules/pomelo-admin/lib/consoleService.js - try to connect master: "connector", "127.0.0.1", 3005
[2013-03-14 10:04:29.109] [INFO] /node_modules/pomelo/lib/application.js - "connector-server-3" enter after start...
[2013-03-14 10:04:29.110] [INFO] console - info: 'socket.io started'
[2013-03-14 10:04:29.110] [INFO] /node_modules/pomelo/lib/application.js - "connector-server-3" finish start
[2013-03-14 10:05:50.612] [INFO] /node_modules/pomelo/lib/application.js - application inited: "connector-server-3"
[2013-03-14 10:05:51.167] [INFO] console - info: 'socket.io started'
[2013-03-14 10:05:51.192] [INFO] /node_modules/pomelo/node_modules/pomelo-admin/lib/consoleService.js - try to connect master: "connector", "127.0.0.1", 3005
[2013-03-14 10:05:51.263] [INFO] /node_modules/pomelo/lib/application.js - "connector-server-3" enter after start...
[2013-03-14 10:05:51.264] [INFO] console - info: 'socket.io started'
[2013-03-14 10:05:51.265] [INFO] /node_modules/pomelo/lib/application.js - "connector-server-3" finish start
[2013-03-14 10:06:24.966] [INFO] /node_modules/pomelo/lib/application.js - application inited: "connector-server-3"
[2013-03-14 10:06:25.502] [INFO] console - info: 'socket.io started'
[2013-03-14 10:06:25.512] [INFO] /node_modules/pomelo/node_modules/pomelo-admin/lib/consoleService.js - try to connect master: "connector", "127.0.0.1", 3005
[2013-03-14 10:06:25.612] [INFO] /node_modules/pomelo/lib/application.js - "connector-server-3" enter after start...
[2013-03-14 10:06:25.613] [INFO] console - info: 'socket.io started'
[2013-03-14 10:06:25.614] [INFO] /node_modules/pomelo/lib/application.js - "connector-server-3" finish start
[2013-03-14 10:07:24.623] [INFO] /node_modules/pomelo/lib/application.js - application inited: "connector-server-3"
[2013-03-14 10:07:25.179] [INFO] console - info: 'socket.io started'
[2013-03-14 10:07:25.203] [INFO] /node_modules/pomelo/node_modules/pomelo-admin/lib/consoleService.js - try to connect master: "connector", "127.0.0.1", 3005
[2013-03-14 10:07:25.266] [INFO] /node_modules/pomelo/lib/application.js - "connector-server-3" enter after start...
[2013-03-14 10:07:25.267] [INFO] console - info: 'socket.io started'
[2013-03-14 10:07:25.267] [INFO] /node_modules/pomelo/lib/application.js - "connector-server-3" finish start
[2013-03-14 10:08:16.314] [INFO] /node_modules/pomelo/lib/application.js - application inited: "connector-server-3"
[2013-03-14 10:08:16.867] [INFO] console - info: 'socket.io started'
[2013-03-14 10:08:16.887] [INFO] /node_modules/pomelo/node_modules/pomelo-admin/lib/consoleService.js - try to connect master: "connector", "127.0.0.1", 3005
[2013-03-14 10:08:16.967] [INFO] /node_modules/pomelo/lib/application.js - "connector-server-3" enter after start...
[2013-03-14 10:08:16.968] [INFO] console - info: 'socket.io started'
[2013-03-14 10:08:16.972] [INFO] /node_modules/pomelo/lib/application.js - "connector-server-3" finish start
[2013-03-14 10:09:52.964] [INFO] /node_modules/pomelo/lib/application.js - application inited: "connector-server-3"
[2013-03-14 10:09:53.521] [INFO] console - info: 'socket.io started'
[2013-03-14 10:09:53.551] [INFO] /node_modules/pomelo/node_modules/pomelo-admin/lib/consoleService.js - try to connect master: "connector", "127.0.0.1", 3005
[2013-03-14 10:09:53.605] [INFO] /node_modules/pomelo/lib/application.js - "connector-server-3" enter after start...
[2013-03-14 10:09:53.606] [INFO] console - info: 'socket.io started'
[2013-03-14 10:09:53.607] [INFO] /node_modules/pomelo/lib/application.js - "connector-server-3" finish start
[2013-03-14 10:10:50.306] [INFO] /node_modules/pomelo/lib/application.js - application inited: "connector-server-3"
[2013-03-14 10:10:50.880] [INFO] console - info: 'socket.io started'
[2013-03-14 10:10:50.894] [INFO] /node_modules/pomelo/node_modules/pomelo-admin/lib/consoleService.js - try to connect master: "connector", "127.0.0.1", 3005
[2013-03-14 10:10:50.957] [INFO] /node_modules/pomelo/lib/application.js - "connector-server-3" enter after start...
[2013-03-14 10:10:50.959] [INFO] console - info: 'socket.io started'
[2013-03-14 10:10:50.959] [INFO] /node_modules/pomelo/lib/application.js - "connector-server-3" finish start
[2013-03-14 10:12:33.371] [INFO] /node_modules/pomelo/lib/application.js - application inited: "connector-server-3"
[2013-03-14 10:12:33.908] [INFO] console - info: 'socket.io started'
[2013-03-14 10:12:33.929] [INFO] /node_modules/pomelo/node_modules/pomelo-admin/lib/consoleService.js - try to connect master: "connector", "127.0.0.1", 3005
[2013-03-14 10:12:34.007] [INFO] /node_modules/pomelo/lib/application.js - "connector-server-3" enter after start...
[2013-03-14 10:12:34.008] [INFO] console - info: 'socket.io started'
[2013-03-14 10:12:34.009] [INFO] /node_modules/pomelo/lib/application.js - "connector-server-3" finish start
[2013-03-14 10:13:20.325] [INFO] /node_modules/pomelo/lib/application.js - application inited: "connector-server-3"
[2013-03-14 10:13:20.843] [INFO] console - info: 'socket.io started'
[2013-03-14 10:13:20.877] [INFO] /node_modules/pomelo/node_modules/pomelo-admin/lib/consoleService.js - try to connect master: "connector", "127.0.0.1", 3005
[2013-03-14 10:13:20.951] [INFO] /node_modules/pomelo/lib/application.js - "connector-server-3" enter after start...
[2013-03-14 10:13:20.952] [INFO] console - info: 'socket.io started'
[2013-03-14 10:13:20.952] [INFO] /node_modules/pomelo/lib/application.js - "connector-server-3" finish start
[2013-03-14 10:14:23.609] [INFO] /node_modules/pomelo/lib/application.js - application inited: "connector-server-3"
[2013-03-14 10:14:24.128] [INFO] console - info: 'socket.io started'
[2013-03-14 10:14:24.154] [INFO] /node_modules/pomelo/node_modules/pomelo-admin/lib/consoleService.js - try to connect master: "connector", "127.0.0.1", 3005
[2013-03-14 10:14:24.220] [INFO] /node_modules/pomelo/lib/application.js - "connector-server-3" enter after start...
[2013-03-14 10:14:24.221] [INFO] console - info: 'socket.io started'
[2013-03-14 10:14:24.221] [INFO] /node_modules/pomelo/lib/application.js - "connector-server-3" finish start
[2013-03-14 10:14:56.538] [INFO] /node_modules/pomelo/lib/application.js - application inited: "connector-server-3"
[2013-03-14 10:14:57.085] [INFO] console - info: 'socket.io started'
[2013-03-14 10:14:57.098] [INFO] /node_modules/pomelo/node_modules/pomelo-admin/lib/consoleService.js - try to connect master: "connector", "127.0.0.1", 3005
[2013-03-14 10:14:57.187] [INFO] /node_modules/pomelo/lib/application.js - "connector-server-3" enter after start...
[2013-03-14 10:14:57.188] [INFO] console - info: 'socket.io started'
[2013-03-14 10:14:57.189] [INFO] /node_modules/pomelo/lib/application.js - "connector-server-3" finish start
[2013-03-14 10:16:31.108] [INFO] /node_modules/pomelo/lib/application.js - application inited: "connector-server-3"
[2013-03-14 10:16:31.642] [INFO] console - info: 'socket.io started'
[2013-03-14 10:16:31.684] [INFO] /node_modules/pomelo/node_modules/pomelo-admin/lib/consoleService.js - try to connect master: "connector", "127.0.0.1", 3005
[2013-03-14 10:16:31.747] [INFO] /node_modules/pomelo/lib/application.js - "connector-server-3" enter after start...
[2013-03-14 10:16:31.748] [INFO] console - info: 'socket.io started'
[2013-03-14 10:16:31.748] [INFO] /node_modules/pomelo/lib/application.js - "connector-server-3" finish start
[2013-03-14 10:17:29.596] [INFO] /node_modules/pomelo/lib/application.js - application inited: "connector-server-3"
[2013-03-14 10:17:30.164] [INFO] console - info: 'socket.io started'
[2013-03-14 10:17:30.179] [INFO] /node_modules/pomelo/node_modules/pomelo-admin/lib/consoleService.js - try to connect master: "connector", "127.0.0.1", 3005
[2013-03-14 10:17:30.252] [INFO] /node_modules/pomelo/lib/application.js - "connector-server-3" enter after start...
[2013-03-14 10:17:30.253] [INFO] console - info: 'socket.io started'
[2013-03-14 10:17:30.254] [INFO] /node_modules/pomelo/lib/application.js - "connector-server-3" finish start
[2013-03-14 10:36:28.428] [INFO] /node_modules/pomelo/lib/application.js - application inited: "connector-server-3"
[2013-03-14 10:36:28.978] [INFO] console - info: 'socket.io started'
[2013-03-14 10:36:29.001] [INFO] /node_modules/pomelo/node_modules/pomelo-admin/lib/consoleService.js - try to connect master: "connector", "127.0.0.1", 3005
[2013-03-14 10:36:29.071] [INFO] /node_modules/pomelo/lib/application.js - "connector-server-3" enter after start...
[2013-03-14 10:36:29.072] [INFO] console - info: 'socket.io started'
[2013-03-14 10:36:29.072] [INFO] /node_modules/pomelo/lib/application.js - "connector-server-3" finish start
[2013-03-14 10:39:43.809] [INFO] /node_modules/pomelo/lib/application.js - application inited: "connector-server-3"
[2013-03-14 10:39:44.374] [INFO] console - info: 'socket.io started'
[2013-03-14 10:39:44.389] [INFO] /node_modules/pomelo/node_modules/pomelo-admin/lib/consoleService.js - try to connect master: "connector", "127.0.0.1", 3005
[2013-03-14 10:39:44.479] [INFO] /node_modules/pomelo/lib/application.js - "connector-server-3" enter after start...
[2013-03-14 10:39:44.480] [INFO] console - info: 'socket.io started'
[2013-03-14 10:39:44.480] [INFO] /node_modules/pomelo/lib/application.js - "connector-server-3" finish start
[2013-03-14 10:43:37.938] [INFO] /node_modules/pomelo/lib/application.js - application inited: "connector-server-3"
[2013-03-14 10:43:38.476] [INFO] console - info: 'socket.io started'
[2013-03-14 10:43:38.514] [INFO] /node_modules/pomelo/node_modules/pomelo-admin/lib/consoleService.js - try to connect master: "connector", "127.0.0.1", 3005
[2013-03-14 10:43:38.612] [INFO] /node_modules/pomelo/lib/application.js - "connector-server-3" enter after start...
[2013-03-14 10:43:38.613] [INFO] console - info: 'socket.io started'
[2013-03-14 10:43:38.613] [INFO] /node_modules/pomelo/lib/application.js - "connector-server-3" finish start
[2013-03-14 10:48:15.350] [INFO] /node_modules/pomelo/lib/application.js - application inited: "connector-server-3"
[2013-03-14 10:48:15.890] [INFO] console - info: 'socket.io started'
[2013-03-14 10:48:15.934] [INFO] /node_modules/pomelo/node_modules/pomelo-admin/lib/consoleService.js - try to connect master: "connector", "127.0.0.1", 3005
[2013-03-14 10:48:16.011] [INFO] /node_modules/pomelo/lib/application.js - "connector-server-3" enter after start...
[2013-03-14 10:48:16.012] [INFO] console - info: 'socket.io started'
[2013-03-14 10:48:16.013] [INFO] /node_modules/pomelo/lib/application.js - "connector-server-3" finish start
[2013-03-14 10:49:01.118] [INFO] /node_modules/pomelo/lib/application.js - application inited: "connector-server-3"
[2013-03-14 10:49:01.629] [INFO] console - info: 'socket.io started'
[2013-03-14 10:49:01.680] [INFO] /node_modules/pomelo/node_modules/pomelo-admin/lib/consoleService.js - try to connect master: "connector", "127.0.0.1", 3005
[2013-03-14 10:49:01.769] [INFO] /node_modules/pomelo/lib/application.js - "connector-server-3" enter after start...
[2013-03-14 10:49:01.770] [INFO] console - info: 'socket.io started'
[2013-03-14 10:49:01.770] [INFO] /node_modules/pomelo/lib/application.js - "connector-server-3" finish start
[2013-03-14 10:50:06.873] [INFO] /node_modules/pomelo/lib/application.js - application inited: "connector-server-3"
[2013-03-14 10:50:07.417] [INFO] console - info: 'socket.io started'
[2013-03-14 10:50:07.448] [INFO] /node_modules/pomelo/node_modules/pomelo-admin/lib/consoleService.js - try to connect master: "connector", "127.0.0.1", 3005
[2013-03-14 10:50:07.531] [INFO] /node_modules/pomelo/lib/application.js - "connector-server-3" enter after start...
[2013-03-14 10:50:07.532] [INFO] console - info: 'socket.io started'
[2013-03-14 10:50:07.533] [INFO] /node_modules/pomelo/lib/application.js - "connector-server-3" finish start
[2013-03-14 11:02:51.126] [INFO] /node_modules/pomelo/lib/application.js - application inited: "connector-server-3"
[2013-03-14 11:02:51.653] [INFO] console - info: 'socket.io started'
[2013-03-14 11:02:51.683] [INFO] /node_modules/pomelo/node_modules/pomelo-admin/lib/consoleService.js - try to connect master: "connector", "127.0.0.1", 3005
[2013-03-14 11:02:51.744] [INFO] /node_modules/pomelo/lib/application.js - "connector-server-3" enter after start...
[2013-03-14 11:02:51.745] [INFO] console - info: 'socket.io started'
[2013-03-14 11:02:51.745] [INFO] /node_modules/pomelo/lib/application.js - "connector-server-3" finish start
[2013-03-14 11:07:00.533] [INFO] /node_modules/pomelo/lib/application.js - application inited: "connector-server-3"
[2013-03-14 11:07:01.033] [INFO] console - info: 'socket.io started'
[2013-03-14 11:07:01.044] [INFO] /node_modules/pomelo/node_modules/pomelo-admin/lib/consoleService.js - try to connect master: "connector", "127.0.0.1", 3005
[2013-03-14 11:07:01.146] [INFO] /node_modules/pomelo/lib/application.js - "connector-server-3" enter after start...
[2013-03-14 11:07:01.147] [INFO] console - info: 'socket.io started'
[2013-03-14 11:07:01.148] [INFO] /node_modules/pomelo/lib/application.js - "connector-server-3" finish start
[2013-03-14 11:18:16.562] [INFO] /node_modules/pomelo/lib/application.js - application inited: "connector-server-3"
[2013-03-14 11:18:17.100] [INFO] console - info: 'socket.io started'
[2013-03-14 11:18:17.144] [INFO] /node_modules/pomelo/node_modules/pomelo-admin/lib/consoleService.js - try to connect master: "connector", "127.0.0.1", 3005
[2013-03-14 11:18:17.224] [INFO] /node_modules/pomelo/lib/application.js - "connector-server-3" enter after start...
[2013-03-14 11:18:17.225] [INFO] console - info: 'socket.io started'
[2013-03-14 11:18:17.227] [INFO] /node_modules/pomelo/lib/application.js - "connector-server-3" finish start
[2013-03-14 11:22:07.364] [INFO] /node_modules/pomelo/lib/application.js - application inited: "connector-server-3"
[2013-03-14 11:22:07.912] [INFO] console - info: 'socket.io started'
[2013-03-14 11:22:07.931] [INFO] /node_modules/pomelo/node_modules/pomelo-admin/lib/consoleService.js - try to connect master: "connector", "127.0.0.1", 3005
[2013-03-14 11:22:07.992] [INFO] /node_modules/pomelo/lib/application.js - "connector-server-3" enter after start...
[2013-03-14 11:22:07.994] [INFO] console - info: 'socket.io started'
[2013-03-14 11:22:07.996] [INFO] /node_modules/pomelo/lib/application.js - "connector-server-3" finish start
[2013-03-14 11:22:53.016] [INFO] /node_modules/pomelo/lib/application.js - application inited: "connector-server-3"
[2013-03-14 11:22:53.536] [INFO] console - info: 'socket.io started'
[2013-03-14 11:22:53.552] [INFO] /node_modules/pomelo/node_modules/pomelo-admin/lib/consoleService.js - try to connect master: "connector", "127.0.0.1", 3005
[2013-03-14 11:22:53.659] [INFO] /node_modules/pomelo/lib/application.js - "connector-server-3" enter after start...
[2013-03-14 11:22:53.660] [INFO] console - info: 'socket.io started'
[2013-03-14 11:22:53.661] [INFO] /node_modules/pomelo/lib/application.js - "connector-server-3" finish start
[2013-03-14 11:24:54.156] [INFO] /node_modules/pomelo/lib/application.js - application inited: "connector-server-3"
[2013-03-14 11:24:54.735] [INFO] console - info: 'socket.io started'
[2013-03-14 11:24:54.765] [INFO] /node_modules/pomelo/node_modules/pomelo-admin/lib/consoleService.js - try to connect master: "connector", "127.0.0.1", 3005
[2013-03-14 11:24:54.820] [INFO] /node_modules/pomelo/lib/application.js - "connector-server-3" enter after start...
[2013-03-14 11:24:54.821] [INFO] console - info: 'socket.io started'
[2013-03-14 11:24:54.821] [INFO] /node_modules/pomelo/lib/application.js - "connector-server-3" finish start
[2013-03-14 13:48:43.501] [INFO] /node_modules/pomelo/lib/application.js - application inited: "connector-server-3"
[2013-03-14 13:48:44.033] [INFO] console - info: 'socket.io started'
[2013-03-14 13:48:44.053] [ERROR] console -  Caught exception: SyntaxError: Unexpected identifier
    at Module._compile (module.js:437:25)
    at Object.Module._extensions..js (module.js:467:10)
    at Module.load (module.js:356:32)
    at Function.Module._load (module.js:312:12)
    at Module.require (module.js:362:17)
    at require (module.js:378:17)
    at loadFile (/Users/xiaochuan/Documents/Demo/game-server/node_modules/pomelo/node_modules/pomelo-loader/lib/loader.js:43:10)
    at loadPath (/Users/xiaochuan/Documents/Demo/game-server/node_modules/pomelo/node_modules/pomelo-loader/lib/loader.js:79:7)
    at Object.module.exports.load (/Users/xiaochuan/Documents/Demo/game-server/node_modules/pomelo/node_modules/pomelo-loader/lib/loader.js:39:9)
    at Dictionary.start (/Users/xiaochuan/Documents/Demo/game-server/node_modules/pomelo/lib/components/dictionary.js:39:27)
[2013-03-14 13:49:27.397] [INFO] /node_modules/pomelo/lib/application.js - application inited: "connector-server-3"
[2013-03-14 13:49:27.960] [INFO] console - info: 'socket.io started'
[2013-03-14 13:49:27.966] [ERROR] console -  Caught exception: SyntaxError: Unexpected identifier
    at Module._compile (module.js:437:25)
    at Object.Module._extensions..js (module.js:467:10)
    at Module.load (module.js:356:32)
    at Function.Module._load (module.js:312:12)
    at Module.require (module.js:362:17)
    at require (module.js:378:17)
    at loadFile (/Users/xiaochuan/Documents/Demo/game-server/node_modules/pomelo/node_modules/pomelo-loader/lib/loader.js:43:10)
    at loadPath (/Users/xiaochuan/Documents/Demo/game-server/node_modules/pomelo/node_modules/pomelo-loader/lib/loader.js:79:7)
    at Object.module.exports.load (/Users/xiaochuan/Documents/Demo/game-server/node_modules/pomelo/node_modules/pomelo-loader/lib/loader.js:39:9)
    at Dictionary.start (/Users/xiaochuan/Documents/Demo/game-server/node_modules/pomelo/lib/components/dictionary.js:39:27)
[2013-03-14 13:49:57.838] [INFO] /node_modules/pomelo/lib/application.js - application inited: "connector-server-3"
[2013-03-14 13:49:58.347] [INFO] console - info: 'socket.io started'
[2013-03-14 13:49:58.365] [ERROR] console -  Caught exception: Error: Cannot find module '../../../consts/cpmsts'
    at Function.Module._resolveFilename (module.js:338:15)
    at Function.Module._load (module.js:280:25)
    at Module.require (module.js:362:17)
    at require (module.js:378:17)
    at Object.<anonymous> (/Users/xiaochuan/Documents/Demo/game-server/app/servers/gate/handler/gateHandler.js:2:14)
    at Module._compile (module.js:449:26)
    at Object.Module._extensions..js (module.js:467:10)
    at Module.load (module.js:356:32)
    at Function.Module._load (module.js:312:12)
    at Module.require (module.js:362:17)
[2013-03-14 13:50:20.484] [INFO] /node_modules/pomelo/lib/application.js - application inited: "connector-server-3"
[2013-03-14 13:50:21.037] [INFO] console - info: 'socket.io started'
[2013-03-14 13:50:21.065] [ERROR] console -  Caught exception: Error: Cannot find module 'pomelo-looger'
    at Function.Module._resolveFilename (module.js:338:15)
    at Function.Module._load (module.js:280:25)
    at Module.require (module.js:362:17)
    at require (module.js:378:17)
    at Object.<anonymous> (/Users/xiaochuan/Documents/Demo/game-server/app/dao/userDao.js:5:14)
    at Module._compile (module.js:449:26)
    at Object.Module._extensions..js (module.js:467:10)
    at Module.load (module.js:356:32)
    at Function.Module._load (module.js:312:12)
    at Module.require (module.js:362:17)
[2013-03-14 13:51:24.927] [INFO] /node_modules/pomelo/lib/application.js - application inited: "connector-server-3"
[2013-03-14 13:51:25.473] [INFO] console - info: 'socket.io started'
[2013-03-14 13:51:25.491] [ERROR] console -  Caught exception: Error: Cannot find module 'pomelo-looger'
    at Function.Module._resolveFilename (module.js:338:15)
    at Function.Module._load (module.js:280:25)
    at Module.require (module.js:362:17)
    at require (module.js:378:17)
    at Object.<anonymous> (/Users/xiaochuan/Documents/Demo/game-server/app/dao/userDao.js:5:14)
    at Module._compile (module.js:449:26)
    at Object.Module._extensions..js (module.js:467:10)
    at Module.load (module.js:356:32)
    at Function.Module._load (module.js:312:12)
    at Module.require (module.js:362:17)
[2013-03-14 13:51:51.389] [INFO] /node_modules/pomelo/lib/application.js - application inited: "connector-server-3"
[2013-03-14 13:51:51.912] [INFO] console - info: 'socket.io started'
[2013-03-14 13:52:22.030] [INFO] /node_modules/pomelo/lib/application.js - application inited: "connector-server-3"
[2013-03-14 13:52:22.554] [INFO] console - info: 'socket.io started'
[2013-03-14 13:52:46.774] [INFO] /node_modules/pomelo/lib/application.js - application inited: "connector-server-3"
[2013-03-14 13:52:47.337] [INFO] console - info: 'socket.io started'
[2013-03-14 13:55:00.882] [INFO] /node_modules/pomelo/lib/application.js - application inited: "connector-server-3"
[2013-03-14 13:55:01.404] [INFO] console - info: 'socket.io started'
[2013-03-14 13:56:21.937] [INFO] /node_modules/pomelo/lib/application.js - application inited: "connector-server-3"
[2013-03-14 13:56:22.466] [INFO] console - info: 'socket.io started'
[2013-03-14 13:57:53.454] [INFO] /node_modules/pomelo/lib/application.js - application inited: "connector-server-3"
[2013-03-14 13:57:53.990] [INFO] console - info: 'socket.io started'
[2013-03-14 13:57:54.003] [ERROR] console -  Caught exception: SyntaxError: Unexpected identifier
    at Module._compile (module.js:437:25)
    at Object.Module._extensions..js (module.js:467:10)
    at Module.load (module.js:356:32)
    at Function.Module._load (module.js:312:12)
    at Module.require (module.js:362:17)
    at require (module.js:378:17)
    at loadFile (/Users/xiaochuan/Documents/Demo/game-server/node_modules/pomelo/node_modules/pomelo-loader/lib/loader.js:43:10)
    at loadPath (/Users/xiaochuan/Documents/Demo/game-server/node_modules/pomelo/node_modules/pomelo-loader/lib/loader.js:79:7)
    at Object.module.exports.load (/Users/xiaochuan/Documents/Demo/game-server/node_modules/pomelo/node_modules/pomelo-loader/lib/loader.js:39:9)
    at Dictionary.start (/Users/xiaochuan/Documents/Demo/game-server/node_modules/pomelo/lib/components/dictionary.js:39:27)
[2013-03-14 13:58:21.428] [INFO] /node_modules/pomelo/lib/application.js - application inited: "connector-server-3"
[2013-03-14 13:58:21.958] [INFO] console - info: 'socket.io started'
[2013-03-14 13:58:21.972] [ERROR] console -  Caught exception: SyntaxError: Unexpected identifier
    at Module._compile (module.js:437:25)
    at Object.Module._extensions..js (module.js:467:10)
    at Module.load (module.js:356:32)
    at Function.Module._load (module.js:312:12)
    at Module.require (module.js:362:17)
    at require (module.js:378:17)
    at loadFile (/Users/xiaochuan/Documents/Demo/game-server/node_modules/pomelo/node_modules/pomelo-loader/lib/loader.js:43:10)
    at loadPath (/Users/xiaochuan/Documents/Demo/game-server/node_modules/pomelo/node_modules/pomelo-loader/lib/loader.js:79:7)
    at Object.module.exports.load (/Users/xiaochuan/Documents/Demo/game-server/node_modules/pomelo/node_modules/pomelo-loader/lib/loader.js:39:9)
    at Dictionary.start (/Users/xiaochuan/Documents/Demo/game-server/node_modules/pomelo/lib/components/dictionary.js:39:27)
[2013-03-14 14:00:05.770] [INFO] /node_modules/pomelo/lib/application.js - application inited: "connector-server-3"
[2013-03-14 14:00:06.327] [INFO] console - info: 'socket.io started'
[2013-03-14 14:00:06.340] [ERROR] console -  Caught exception: SyntaxError: Unexpected identifier
    at Module._compile (module.js:437:25)
    at Object.Module._extensions..js (module.js:467:10)
    at Module.load (module.js:356:32)
    at Function.Module._load (module.js:312:12)
    at Module.require (module.js:362:17)
    at require (module.js:378:17)
    at loadFile (/Users/xiaochuan/Documents/Demo/game-server/node_modules/pomelo/node_modules/pomelo-loader/lib/loader.js:43:10)
    at loadPath (/Users/xiaochuan/Documents/Demo/game-server/node_modules/pomelo/node_modules/pomelo-loader/lib/loader.js:79:7)
    at Object.module.exports.load (/Users/xiaochuan/Documents/Demo/game-server/node_modules/pomelo/node_modules/pomelo-loader/lib/loader.js:39:9)
    at Dictionary.start (/Users/xiaochuan/Documents/Demo/game-server/node_modules/pomelo/lib/components/dictionary.js:39:27)
[2013-03-14 14:00:30.715] [INFO] /node_modules/pomelo/lib/application.js - application inited: "connector-server-3"
[2013-03-14 14:00:31.234] [INFO] console - info: 'socket.io started'
[2013-03-14 14:00:56.516] [INFO] /node_modules/pomelo/lib/application.js - application inited: "connector-server-3"
[2013-03-14 14:00:57.061] [INFO] console - info: 'socket.io started'
[2013-03-14 14:02:24.870] [INFO] /node_modules/pomelo/lib/application.js - application inited: "connector-server-3"
[2013-03-14 14:02:25.397] [INFO] console - info: 'socket.io started'
[2013-03-14 14:05:19.199] [INFO] /node_modules/pomelo/lib/application.js - application inited: "connector-server-3"
[2013-03-14 14:05:19.665] [INFO] console - info: 'socket.io started'
[2013-03-14 15:27:17.639] [INFO] /node_modules/pomelo/lib/application.js - application inited: "connector-server-3"
[2013-03-14 15:27:18.168] [INFO] console - info: 'socket.io started'
[2013-03-14 15:27:18.172] [ERROR] console -  Caught exception: SyntaxError: Unexpected token ,
    at Module._compile (module.js:437:25)
    at Object.Module._extensions..js (module.js:467:10)
    at Module.load (module.js:356:32)
    at Function.Module._load (module.js:312:12)
    at Module.require (module.js:362:17)
    at require (module.js:378:17)
    at loadFile (/Users/xiaochuan/Documents/Demo/game-server/node_modules/pomelo/node_modules/pomelo-loader/lib/loader.js:43:10)
    at loadPath (/Users/xiaochuan/Documents/Demo/game-server/node_modules/pomelo/node_modules/pomelo-loader/lib/loader.js:79:7)
    at Object.module.exports.load (/Users/xiaochuan/Documents/Demo/game-server/node_modules/pomelo/node_modules/pomelo-loader/lib/loader.js:39:9)
    at Dictionary.start (/Users/xiaochuan/Documents/Demo/game-server/node_modules/pomelo/lib/components/dictionary.js:39:27)
[2013-03-14 15:27:47.980] [INFO] /node_modules/pomelo/lib/application.js - application inited: "connector-server-3"
[2013-03-14 15:27:48.513] [INFO] console - info: 'socket.io started'
[2013-03-14 15:27:48.525] [ERROR] console -  Caught exception: SyntaxError: Unexpected token ILLEGAL
    at Module._compile (module.js:437:25)
    at Object.Module._extensions..js (module.js:467:10)
    at Module.load (module.js:356:32)
    at Function.Module._load (module.js:312:12)
    at Module.require (module.js:362:17)
    at require (module.js:378:17)
    at loadFile (/Users/xiaochuan/Documents/Demo/game-server/node_modules/pomelo/node_modules/pomelo-loader/lib/loader.js:43:10)
    at loadPath (/Users/xiaochuan/Documents/Demo/game-server/node_modules/pomelo/node_modules/pomelo-loader/lib/loader.js:79:7)
    at Object.module.exports.load (/Users/xiaochuan/Documents/Demo/game-server/node_modules/pomelo/node_modules/pomelo-loader/lib/loader.js:39:9)
    at Dictionary.start (/Users/xiaochuan/Documents/Demo/game-server/node_modules/pomelo/lib/components/dictionary.js:39:27)
[2013-03-14 15:28:31.029] [INFO] /node_modules/pomelo/lib/application.js - application inited: "connector-server-3"
[2013-03-14 15:28:31.544] [INFO] console - info: 'socket.io started'
[2013-03-14 16:28:27.067] [INFO] /node_modules/pomelo/lib/application.js - application inited: "connector-server-3"
[2013-03-14 16:28:27.603] [INFO] console - info: 'socket.io started'
[2013-03-14 16:54:39.487] [INFO] /node_modules/pomelo/lib/application.js - application inited: "connector-server-3"
[2013-03-14 16:54:40.014] [INFO] console - info: 'socket.io started'
[2013-03-14 17:51:09.283] [INFO] /node_modules/pomelo/lib/application.js - application inited: "connector-server-3"
[2013-03-14 17:51:09.816] [INFO] console - info: 'socket.io started'
[2013-03-14 18:23:02.710] [INFO] /node_modules/pomelo/lib/application.js - application inited: "connector-server-3"
[2013-03-14 18:23:03.212] [INFO] console - info: 'socket.io started'
[2013-03-14 18:28:18.943] [INFO] /node_modules/pomelo/lib/application.js - application inited: "connector-server-3"
[2013-03-14 18:28:19.491] [INFO] console - info: 'socket.io started'
[2013-03-14 18:28:50.689] [INFO] /node_modules/pomelo/lib/application.js - application inited: "connector-server-3"
[2013-03-14 18:28:51.248] [INFO] console - info: 'socket.io started'
[2013-03-14 18:32:17.418] [INFO] /node_modules/pomelo/lib/application.js - application inited: "connector-server-3"
[2013-03-14 18:32:17.900] [INFO] console - info: 'socket.io started'
[2013-03-14 18:33:31.109] [INFO] /node_modules/pomelo/lib/application.js - application inited: "connector-server-3"
[2013-03-14 18:33:31.657] [INFO] console - info: 'socket.io started'
[2013-03-14 18:33:31.664] [ERROR] console -  Caught exception: SyntaxError: Unexpected identifier
    at Module._compile (module.js:437:25)
    at Object.Module._extensions..js (module.js:467:10)
    at Module.load (module.js:356:32)
    at Function.Module._load (module.js:312:12)
    at Module.require (module.js:362:17)
    at require (module.js:378:17)
    at loadFile (/Users/xiaochuan/Documents/Demo/game-server/node_modules/pomelo/node_modules/pomelo-loader/lib/loader.js:43:10)
    at loadPath (/Users/xiaochuan/Documents/Demo/game-server/node_modules/pomelo/node_modules/pomelo-loader/lib/loader.js:79:7)
    at Object.module.exports.load (/Users/xiaochuan/Documents/Demo/game-server/node_modules/pomelo/node_modules/pomelo-loader/lib/loader.js:39:9)
    at Dictionary.start (/Users/xiaochuan/Documents/Demo/game-server/node_modules/pomelo/lib/components/dictionary.js:39:27)
[2013-03-14 18:34:21.671] [INFO] /node_modules/pomelo/lib/application.js - application inited: "connector-server-3"
[2013-03-14 18:34:22.211] [INFO] console - info: 'socket.io started'
[2013-03-14 18:36:51.170] [INFO] /node_modules/pomelo/lib/application.js - application inited: "connector-server-3"
[2013-03-14 18:36:51.683] [INFO] console - info: 'socket.io started'
[2013-03-14 18:38:14.404] [INFO] /node_modules/pomelo/lib/application.js - application inited: "connector-server-3"
[2013-03-14 18:38:14.909] [INFO] console - info: 'socket.io started'
[2013-03-14 18:40:20.346] [INFO] /node_modules/pomelo/lib/application.js - application inited: "connector-server-3"
[2013-03-14 18:40:20.883] [INFO] console - info: 'socket.io started'
[2013-03-14 18:41:31.522] [INFO] /node_modules/pomelo/lib/application.js - application inited: "connector-server-3"
[2013-03-14 18:41:32.073] [INFO] console - info: 'socket.io started'
[2013-03-14 18:41:43.343] [INFO] /node_modules/pomelo/lib/application.js - application inited: "connector-server-3"
[2013-03-14 18:41:43.833] [INFO] console - info: 'socket.io started'
[2013-03-14 18:42:51.264] [INFO] /node_modules/pomelo/lib/application.js - application inited: "connector-server-3"
[2013-03-14 18:42:51.801] [INFO] console - info: 'socket.io started'
[2013-03-14 18:43:10.649] [INFO] /node_modules/pomelo/lib/application.js - application inited: "connector-server-3"
[2013-03-14 18:43:11.177] [INFO] console - info: 'socket.io started'
[2013-03-14 18:43:30.933] [INFO] /node_modules/pomelo/lib/application.js - application inited: "connector-server-3"
[2013-03-14 18:43:31.477] [INFO] console - info: 'socket.io started'
[2013-03-14 19:04:39.446] [INFO] /node_modules/pomelo/lib/application.js - application inited: "connector-server-3"
[2013-03-14 19:04:39.964] [INFO] console - info: 'socket.io started'
[2013-03-14 19:25:12.561] [INFO] /node_modules/pomelo/lib/application.js - application inited: "connector-server-3"
[2013-03-14 19:25:13.057] [INFO] console - info: 'socket.io started'
[2013-03-14 19:25:13.066] [ERROR] console -  Caught exception: SyntaxError: Unexpected identifier
    at Module._compile (module.js:437:25)
    at Object.Module._extensions..js (module.js:467:10)
    at Module.load (module.js:356:32)
    at Function.Module._load (module.js:312:12)
    at Module.require (module.js:362:17)
    at require (module.js:378:17)
    at Object.<anonymous> (/Users/xiaochuan/Documents/Demo/game-server/app/servers/chat/handler/chatHandler.js:1:80)
    at Module._compile (module.js:449:26)
    at Object.Module._extensions..js (module.js:467:10)
    at Module.load (module.js:356:32)
[2013-03-14 19:25:42.810] [INFO] /node_modules/pomelo/lib/application.js - application inited: "connector-server-3"
[2013-03-14 19:25:43.366] [INFO] console - info: 'socket.io started'
[2013-03-14 19:27:56.684] [INFO] /node_modules/pomelo/lib/application.js - application inited: "connector-server-3"
[2013-03-14 19:27:57.229] [INFO] console - info: 'socket.io started'
[2013-03-14 19:37:32.600] [INFO] /node_modules/pomelo/lib/application.js - application inited: "connector-server-3"
[2013-03-14 19:37:33.139] [INFO] console - info: 'socket.io started'
[2013-03-14 19:40:20.920] [INFO] /node_modules/pomelo/lib/application.js - application inited: "connector-server-3"
[2013-03-14 19:40:21.454] [INFO] console - info: 'socket.io started'
[2013-03-14 19:42:29.070] [INFO] /node_modules/pomelo/lib/application.js - application inited: "connector-server-3"
[2013-03-14 19:42:29.579] [INFO] console - info: 'socket.io started'
[2013-03-14 19:44:53.708] [INFO] /node_modules/pomelo/lib/application.js - application inited: "connector-server-3"
[2013-03-14 19:44:54.283] [INFO] console - info: 'socket.io started'
[2013-03-14 19:44:54.287] [ERROR] console -  Caught exception: SyntaxError: Unexpected token :
    at Module._compile (module.js:437:25)
    at Object.Module._extensions..js (module.js:467:10)
    at Module.load (module.js:356:32)
    at Function.Module._load (module.js:312:12)
    at Module.require (module.js:362:17)
    at require (module.js:378:17)
    at loadFile (/Users/xiaochuan/Documents/Demo/game-server/node_modules/pomelo/node_modules/pomelo-loader/lib/loader.js:43:10)
    at loadPath (/Users/xiaochuan/Documents/Demo/game-server/node_modules/pomelo/node_modules/pomelo-loader/lib/loader.js:79:7)
    at Object.module.exports.load (/Users/xiaochuan/Documents/Demo/game-server/node_modules/pomelo/node_modules/pomelo-loader/lib/loader.js:39:9)
    at Dictionary.start (/Users/xiaochuan/Documents/Demo/game-server/node_modules/pomelo/lib/components/dictionary.js:39:27)
[2013-03-14 19:45:09.473] [INFO] /node_modules/pomelo/lib/application.js - application inited: "connector-server-3"
[2013-03-14 19:45:09.983] [INFO] console - info: 'socket.io started'
[2013-03-14 19:46:19.329] [INFO] /node_modules/pomelo/lib/application.js - application inited: "connector-server-3"
[2013-03-14 19:46:19.882] [INFO] console - info: 'socket.io started'
[2013-03-14 19:47:25.125] [INFO] /node_modules/pomelo/lib/application.js - application inited: "connector-server-3"
[2013-03-14 19:47:25.627] [INFO] console - info: 'socket.io started'
[2013-03-14 19:51:28.940] [INFO] /node_modules/pomelo/lib/application.js - application inited: "connector-server-3"
[2013-03-14 19:51:29.472] [INFO] console - info: 'socket.io started'
[2013-03-14 19:55:34.756] [INFO] /node_modules/pomelo/lib/application.js - application inited: "connector-server-3"
[2013-03-14 19:55:35.251] [INFO] console - info: 'socket.io started'
[2013-03-14 19:56:26.323] [INFO] /node_modules/pomelo/lib/application.js - application inited: "connector-server-3"
[2013-03-14 19:56:26.869] [INFO] console - info: 'socket.io started'
[2013-03-14 19:57:18.367] [INFO] /node_modules/pomelo/lib/application.js - application inited: "connector-server-3"
[2013-03-14 19:57:18.892] [INFO] console - info: 'socket.io started'
[2013-03-14 19:59:46.064] [INFO] /node_modules/pomelo/lib/application.js - application inited: "connector-server-3"
[2013-03-14 19:59:46.582] [INFO] console - info: 'socket.io started'
[2013-03-14 20:01:36.530] [INFO] /node_modules/pomelo/lib/application.js - application inited: "connector-server-3"
[2013-03-14 20:01:37.055] [INFO] console - info: 'socket.io started'
[2013-03-14 20:53:45.970] [INFO] /node_modules/pomelo/lib/application.js - application inited: "connector-server-3"
[2013-03-14 20:53:46.466] [INFO] console - info: 'socket.io started'
[2013-03-14 20:55:49.902] [INFO] /node_modules/pomelo/lib/application.js - application inited: "connector-server-3"
[2013-03-14 20:55:50.397] [INFO] console - info: 'socket.io started'
[2013-03-14 20:56:51.131] [INFO] /node_modules/pomelo/lib/application.js - application inited: "connector-server-3"
[2013-03-14 20:56:51.686] [INFO] console - info: 'socket.io started'
[2013-03-14 20:59:16.786] [INFO] /node_modules/pomelo/lib/application.js - application inited: "connector-server-3"
[2013-03-14 20:59:17.317] [INFO] console - info: 'socket.io started'
[2013-03-14 21:25:00.480] [INFO] /node_modules/pomelo/lib/application.js - application inited: "connector-server-3"
[2013-03-14 21:25:01.020] [INFO] console - info: 'socket.io started'
[2013-03-14 21:36:02.181] [INFO] /node_modules/pomelo/lib/application.js - application inited: "connector-server-3"
[2013-03-14 21:36:02.750] [INFO] console - info: 'socket.io started'
[2013-03-14 21:43:08.162] [INFO] /node_modules/pomelo/lib/application.js - application inited: "connector-server-3"
[2013-03-14 21:43:08.701] [INFO] console - info: 'socket.io started'
[2013-03-14 21:51:47.553] [INFO] /node_modules/pomelo/lib/application.js - application inited: "connector-server-3"
[2013-03-14 21:51:48.099] [INFO] console - info: 'socket.io started'
[2013-03-14 22:00:32.228] [INFO] /node_modules/pomelo/lib/application.js - application inited: "connector-server-3"
[2013-03-14 22:00:32.744] [INFO] console - info: 'socket.io started'
[2013-03-14 22:04:45.601] [INFO] /node_modules/pomelo/lib/application.js - application inited: "connector-server-3"
[2013-03-14 22:04:46.123] [INFO] console - info: 'socket.io started'
[2013-03-15 09:38:07.455] [INFO] /node_modules/pomelo/lib/application.js - application inited: "connector-server-3"
[2013-03-15 09:38:07.980] [INFO] console - info: 'socket.io started'
[2013-03-15 10:27:39.032] [INFO] /node_modules/pomelo/lib/application.js - application inited: "connector-server-3"
[2013-03-15 10:27:39.551] [INFO] console - info: 'socket.io started'
[2013-03-15 11:07:06.195] [INFO] /node_modules/pomelo/lib/application.js - application inited: "connector-server-3"
[2013-03-15 11:07:06.745] [INFO] console - info: 'socket.io started'
[2013-03-15 11:08:43.127] [INFO] /node_modules/pomelo/lib/application.js - application inited: "connector-server-3"
[2013-03-15 11:08:43.692] [INFO] console - info: 'socket.io started'
[2013-03-15 11:27:14.084] [INFO] /node_modules/pomelo/lib/application.js - application inited: "connector-server-3"
[2013-03-15 11:27:14.677] [INFO] console - info: 'socket.io started'
[2013-03-15 11:34:13.812] [INFO] /node_modules/pomelo/lib/application.js - application inited: "connector-server-3"
[2013-03-15 11:34:14.361] [INFO] console - info: 'socket.io started'
[2013-03-15 11:42:37.247] [INFO] /node_modules/pomelo/lib/application.js - application inited: "connector-server-3"
[2013-03-15 11:42:37.788] [INFO] console - info: 'socket.io started'
[2013-03-15 11:54:06.438] [INFO] /node_modules/pomelo/lib/application.js - application inited: "connector-server-3"
[2013-03-15 11:54:06.961] [INFO] console - info: 'socket.io started'
[2013-03-15 11:54:06.966] [ERROR] console -  Caught exception: SyntaxError: Unexpected identifier
    at Module._compile (module.js:437:25)
    at Object.Module._extensions..js (module.js:467:10)
    at Module.load (module.js:356:32)
    at Function.Module._load (module.js:312:12)
    at Module.require (module.js:362:17)
    at require (module.js:378:17)
    at Object.<anonymous> (/Users/xiaochuan/Documents/GitHub/candy/Server/ChatDemoOfPomelo/game-server/app/servers/chat/handler/chatHandler.js:1:80)
    at Module._compile (module.js:449:26)
    at Object.Module._extensions..js (module.js:467:10)
    at Module.load (module.js:356:32)
[2013-03-15 11:54:19.504] [INFO] /node_modules/pomelo/lib/application.js - application inited: "connector-server-3"
[2013-03-15 11:54:20.041] [INFO] console - info: 'socket.io started'
[2013-03-15 11:59:40.360] [INFO] /node_modules/pomelo/lib/application.js - application inited: "connector-server-3"
[2013-03-15 11:59:40.905] [INFO] console - info: 'socket.io started'
[2013-03-15 12:54:55.097] [INFO] /node_modules/pomelo/lib/application.js - application inited: "connector-server-3"
[2013-03-15 12:54:55.678] [INFO] console - info: 'socket.io started'
[2013-03-15 13:09:07.057] [INFO] /node_modules/pomelo/lib/application.js - application inited: "connector-server-3"
[2013-03-15 13:09:07.598] [INFO] console - info: 'socket.io started'
[2013-03-15 13:36:49.669] [INFO] /node_modules/pomelo/lib/application.js - application inited: "connector-server-3"
[2013-03-15 13:36:50.215] [INFO] console - info: 'socket.io started'
[2013-03-15 13:39:25.295] [INFO] /node_modules/pomelo/lib/application.js - application inited: "connector-server-3"
[2013-03-15 13:39:25.843] [INFO] console - info: 'socket.io started'
[2013-03-15 13:43:44.817] [INFO] /node_modules/pomelo/lib/application.js - application inited: "connector-server-3"
[2013-03-15 13:43:45.363] [INFO] console - info: 'socket.io started'
[2013-03-15 13:58:48.323] [INFO] /node_modules/pomelo/lib/application.js - application inited: "connector-server-3"
[2013-03-15 13:58:48.861] [INFO] console - info: 'socket.io started'
[2013-03-15 14:19:51.419] [INFO] /node_modules/pomelo/lib/application.js - application inited: "connector-server-3"
[2013-03-15 14:19:51.960] [INFO] console - info: 'socket.io started'
[2013-03-15 14:21:39.198] [INFO] /node_modules/pomelo/lib/application.js - application inited: "connector-server-3"
[2013-03-15 14:21:39.745] [INFO] console - info: 'socket.io started'
[2013-03-15 14:26:49.415] [INFO] /node_modules/pomelo/lib/application.js - application inited: "connector-server-3"
[2013-03-15 14:26:49.965] [INFO] console - info: 'socket.io started'
[2013-03-15 15:42:22.481] [INFO] /node_modules/pomelo/lib/application.js - application inited: "connector-server-3"
[2013-03-15 15:42:23.051] [INFO] console - info: 'socket.io started'
[2013-03-15 15:42:32.703] [INFO] /node_modules/pomelo/lib/application.js - application inited: "connector-server-3"
[2013-03-15 15:42:33.285] [INFO] console - info: 'socket.io started'
[2013-03-15 15:43:48.086] [INFO] /node_modules/pomelo/lib/application.js - application inited: "connector-server-3"
[2013-03-15 15:43:48.666] [INFO] console - info: 'socket.io started'
[2013-03-15 15:44:07.687] [INFO] /node_modules/pomelo/lib/application.js - application inited: "connector-server-3"
[2013-03-15 15:44:08.207] [INFO] console - info: 'socket.io started'
[2013-03-15 15:45:18.418] [INFO] /node_modules/pomelo/lib/application.js - application inited: "connector-server-3"
[2013-03-15 15:45:19.002] [INFO] console - info: 'socket.io started'
[2013-03-15 15:47:24.658] [INFO] /node_modules/pomelo/lib/application.js - application inited: "connector-server-3"
[2013-03-15 15:47:25.212] [INFO] console - info: 'socket.io started'
[2013-03-15 15:49:20.917] [INFO] /node_modules/pomelo/lib/application.js - application inited: "connector-server-3"
[2013-03-15 15:49:21.481] [INFO] console - info: 'socket.io started'
[2013-03-15 16:15:21.246] [INFO] /node_modules/pomelo/lib/application.js - application inited: "connector-server-3"
[2013-03-15 16:15:21.820] [INFO] console - info: 'socket.io started'
[2013-03-15 16:15:21.830] [ERROR] console -  Caught exception: SyntaxError: Unexpected identifier
    at Module._compile (module.js:437:25)
    at Object.Module._extensions..js (module.js:467:10)
    at Module.load (module.js:356:32)
    at Function.Module._load (module.js:312:12)
    at Module.require (module.js:362:17)
    at require (module.js:378:17)
    at loadFile (/Users/xiaochuan/Documents/GitHub/candy/Server/ChatDemoOfPomelo/game-server/node_modules/pomelo/node_modules/pomelo-loader/lib/loader.js:43:10)
    at loadPath (/Users/xiaochuan/Documents/GitHub/candy/Server/ChatDemoOfPomelo/game-server/node_modules/pomelo/node_modules/pomelo-loader/lib/loader.js:79:7)
    at Object.module.exports.load (/Users/xiaochuan/Documents/GitHub/candy/Server/ChatDemoOfPomelo/game-server/node_modules/pomelo/node_modules/pomelo-loader/lib/loader.js:39:9)
    at Dictionary.start (/Users/xiaochuan/Documents/GitHub/candy/Server/ChatDemoOfPomelo/game-server/node_modules/pomelo/lib/components/dictionary.js:39:27)
[2013-03-15 16:15:44.594] [INFO] /node_modules/pomelo/lib/application.js - application inited: "connector-server-3"
[2013-03-15 16:15:45.139] [INFO] console - info: 'socket.io started'
[2013-03-15 16:15:45.144] [ERROR] console -  Caught exception: SyntaxError: Unexpected token =
    at Module._compile (module.js:437:25)
    at Object.Module._extensions..js (module.js:467:10)
    at Module.load (module.js:356:32)
    at Function.Module._load (module.js:312:12)
    at Module.require (module.js:362:17)
    at require (module.js:378:17)
    at loadFile (/Users/xiaochuan/Documents/GitHub/candy/Server/ChatDemoOfPomelo/game-server/node_modules/pomelo/node_modules/pomelo-loader/lib/loader.js:43:10)
    at loadPath (/Users/xiaochuan/Documents/GitHub/candy/Server/ChatDemoOfPomelo/game-server/node_modules/pomelo/node_modules/pomelo-loader/lib/loader.js:79:7)
    at Object.module.exports.load (/Users/xiaochuan/Documents/GitHub/candy/Server/ChatDemoOfPomelo/game-server/node_modules/pomelo/node_modules/pomelo-loader/lib/loader.js:39:9)
    at Dictionary.start (/Users/xiaochuan/Documents/GitHub/candy/Server/ChatDemoOfPomelo/game-server/node_modules/pomelo/lib/components/dictionary.js:39:27)
[2013-03-15 16:16:09.573] [INFO] /node_modules/pomelo/lib/application.js - application inited: "connector-server-3"
[2013-03-15 16:16:10.123] [INFO] console - info: 'socket.io started'
[2013-03-15 16:16:10.128] [ERROR] console -  Caught exception: ReferenceError: requir is not defined
    at Object.<anonymous> (/Users/xiaochuan/Documents/GitHub/candy/Server/ChatDemoOfPomelo/game-server/app/servers/chat/handler/chatHandler.js:2:15)
    at Module._compile (module.js:449:26)
    at Object.Module._extensions..js (module.js:467:10)
    at Module.load (module.js:356:32)
    at Function.Module._load (module.js:312:12)
    at Module.require (module.js:362:17)
    at require (module.js:378:17)
    at loadFile (/Users/xiaochuan/Documents/GitHub/candy/Server/ChatDemoOfPomelo/game-server/node_modules/pomelo/node_modules/pomelo-loader/lib/loader.js:43:10)
    at loadPath (/Users/xiaochuan/Documents/GitHub/candy/Server/ChatDemoOfPomelo/game-server/node_modules/pomelo/node_modules/pomelo-loader/lib/loader.js:79:7)
    at Object.module.exports.load (/Users/xiaochuan/Documents/GitHub/candy/Server/ChatDemoOfPomelo/game-server/node_modules/pomelo/node_modules/pomelo-loader/lib/loader.js:39:9)
[2013-03-15 16:16:36.454] [INFO] /node_modules/pomelo/lib/application.js - application inited: "connector-server-3"
[2013-03-15 16:16:36.941] [INFO] console - info: 'socket.io started'
[2013-03-15 16:16:36.949] [ERROR] console -  Caught exception: SyntaxError: Unexpected token )
    at Module._compile (module.js:437:25)
    at Object.Module._extensions..js (module.js:467:10)
    at Module.load (module.js:356:32)
    at Function.Module._load (module.js:312:12)
    at Module.require (module.js:362:17)
    at require (module.js:378:17)
    at Object.<anonymous> (/Users/xiaochuan/Documents/GitHub/candy/Server/ChatDemoOfPomelo/game-server/app/servers/chat/handler/chatHandler.js:2:15)
    at Module._compile (module.js:449:26)
    at Object.Module._extensions..js (module.js:467:10)
    at Module.load (module.js:356:32)
[2013-03-15 16:16:59.256] [INFO] /node_modules/pomelo/lib/application.js - application inited: "connector-server-3"
[2013-03-15 16:16:59.869] [INFO] console - info: 'socket.io started'
[2013-03-15 16:18:51.563] [INFO] /node_modules/pomelo/lib/application.js - application inited: "connector-server-3"
[2013-03-15 16:18:52.124] [INFO] console - info: 'socket.io started'
[2013-03-15 16:21:25.677] [INFO] /node_modules/pomelo/lib/application.js - application inited: "connector-server-3"
[2013-03-15 16:21:26.210] [INFO] console - info: 'socket.io started'
[2013-03-15 16:23:48.682] [INFO] /node_modules/pomelo/lib/application.js - application inited: "connector-server-3"
[2013-03-15 16:23:49.252] [INFO] console - info: 'socket.io started'
[2013-03-15 16:24:54.170] [INFO] /node_modules/pomelo/lib/application.js - application inited: "connector-server-3"
[2013-03-15 16:24:54.730] [INFO] console - info: 'socket.io started'
[2013-03-15 16:26:04.088] [INFO] /node_modules/pomelo/lib/application.js - application inited: "connector-server-3"
[2013-03-15 16:26:04.666] [INFO] console - info: 'socket.io started'
[2013-03-15 16:28:13.797] [INFO] /node_modules/pomelo/lib/application.js - application inited: "connector-server-3"
[2013-03-15 16:28:14.361] [INFO] console - info: 'socket.io started'
[2013-03-15 16:29:16.560] [INFO] /node_modules/pomelo/lib/application.js - application inited: "connector-server-3"
[2013-03-15 16:29:17.094] [INFO] console - info: 'socket.io started'
[2013-03-15 16:36:59.801] [INFO] /node_modules/pomelo/lib/application.js - application inited: "connector-server-3"
[2013-03-15 16:37:00.325] [INFO] console - info: 'socket.io started'
[2013-03-15 16:56:58.293] [INFO] /node_modules/pomelo/lib/application.js - application inited: "connector-server-3"
[2013-03-15 16:56:58.856] [INFO] console - info: 'socket.io started'
[2013-03-15 16:57:36.603] [INFO] /node_modules/pomelo/lib/application.js - application inited: "connector-server-3"
[2013-03-15 16:57:37.171] [INFO] console - info: 'socket.io started'
[2013-03-15 16:58:43.300] [INFO] /node_modules/pomelo/lib/application.js - application inited: "connector-server-3"
[2013-03-15 16:58:43.902] [INFO] console - info: 'socket.io started'
[2013-03-15 17:07:20.547] [INFO] /node_modules/pomelo/lib/application.js - application inited: "connector-server-3"
[2013-03-15 17:07:21.110] [INFO] console - info: 'socket.io started'
[2013-03-15 17:19:39.246] [INFO] /node_modules/pomelo/lib/application.js - application inited: "connector-server-3"
[2013-03-15 17:19:39.803] [INFO] console - info: 'socket.io started'
[2013-03-15 17:20:22.142] [INFO] /node_modules/pomelo/lib/application.js - application inited: "connector-server-3"
[2013-03-15 17:20:22.701] [INFO] console - info: 'socket.io started'
[2013-03-15 17:22:41.510] [INFO] /node_modules/pomelo/lib/application.js - application inited: "connector-server-3"
[2013-03-15 17:22:42.058] [INFO] console - info: 'socket.io started'
[2013-03-15 17:33:31.648] [INFO] /node_modules/pomelo/lib/application.js - application inited: "connector-server-3"
[2013-03-15 17:33:32.176] [INFO] console - info: 'socket.io started'
[2013-03-15 18:06:30.539] [INFO] /node_modules/pomelo/lib/application.js - application inited: "connector-server-3"
[2013-03-15 18:06:31.120] [INFO] console - info: 'socket.io started'
[2013-03-15 18:07:16.427] [INFO] /node_modules/pomelo/lib/application.js - application inited: "connector-server-3"
[2013-03-15 18:07:16.961] [INFO] console - info: 'socket.io started'
[2013-03-15 18:07:51.800] [INFO] /node_modules/pomelo/lib/application.js - application inited: "connector-server-3"
[2013-03-15 18:07:52.363] [INFO] console - info: 'socket.io started'
[2013-03-15 18:08:21.603] [INFO] /node_modules/pomelo/lib/application.js - application inited: "connector-server-3"
[2013-03-15 18:08:22.157] [INFO] console - info: 'socket.io started'
[2013-03-15 18:09:52.600] [INFO] /node_modules/pomelo/lib/application.js - application inited: "connector-server-3"
[2013-03-15 18:09:53.194] [INFO] console - info: 'socket.io started'
[2013-03-15 18:10:56.857] [INFO] /node_modules/pomelo/lib/application.js - application inited: "connector-server-3"
[2013-03-15 18:10:57.478] [INFO] console - info: 'socket.io started'
[2013-03-15 18:25:42.333] [INFO] /node_modules/pomelo/lib/application.js - application inited: "connector-server-3"
[2013-03-15 18:25:42.879] [INFO] console - info: 'socket.io started'
[2013-03-15 18:30:13.795] [INFO] /node_modules/pomelo/lib/application.js - application inited: "connector-server-3"
[2013-03-15 18:30:14.357] [INFO] console - info: 'socket.io started'
[2013-03-15 18:35:49.751] [INFO] /node_modules/pomelo/lib/application.js - application inited: "connector-server-3"
[2013-03-15 18:35:50.322] [INFO] console - info: 'socket.io started'
[2013-03-15 18:46:35.526] [INFO] /node_modules/pomelo/lib/application.js - application inited: "connector-server-3"
[2013-03-15 18:46:35.986] [INFO] console - info: 'socket.io started'
